#
# A fatal error has been detected by the Java Runtime Environment:
#
#  EXCEPTION_ACCESS_VIOLATION (0xc0000005) at pc=0x00007ffdbb7bfdba, pid=384, tid=0x0000000000002318
#
# JRE version: Java(TM) SE Runtime Environment (8.0_101-b13) (build 1.8.0_101-b13)
# Java VM: Java HotSpot(TM) 64-Bit Server VM (25.101-b13 mixed mode windows-amd64 compressed oops)
# Problematic frame:
# C  [ig9icd64.dll+0x2afdba]
#
# Failed to write core dump. Minidumps are not enabled by default on client versions of Windows
#
# If you would like to submit a bug report, please visit:
#   http://bugreport.java.com/bugreport/crash.jsp
# The crash happened outside the Java Virtual Machine in native code.
# See problematic frame for where to report the bug.
#

---------------  T H R E A D  ---------------

Current thread (0x000000001dad7000):  JavaThread "pool-1-thread-1" [_thread_in_native, id=8984, stack(0x0000000063380000,0x0000000063480000)]

siginfo: ExceptionCode=0xc0000005, reading address 0x0000000000000020

Registers:
RAX=0x0000000000000000, RBX=0x0000000000000001, RCX=0x0000000062d5a210, RDX=0x0000000000000000
RSP=0x000000006347bd70, RBP=0x000000006347bed0, RSI=0x0000000000000000, RDI=0x0000000000000000
R8 =0x000000006347c400, R9 =0x000000006347c058, R10=0x0000000000000000, R11=0x000000006347c200
R12=0x000000000000002c, R13=0x0000000062fd24e0, R14=0x0000000000000000, R15=0x0000000062fe4238
RIP=0x00007ffdbb7bfdba, EFLAGS=0x0000000000010202

Top of Stack: (sp=0x000000006347bd70)
0x000000006347bd70:   0000000000000000 0000000062ffc0a0
0x000000006347bd80:   0000000062fec588 000000006347c300
0x000000006347bd90:   0000000000000000 0000000000000000
0x000000006347bda0:   000000006347c318 000000005e7cc228
0x000000006347bdb0:   0000000063470101 00007ffdbbd7b53e
0x000000006347bdc0:   0000000000000000 00007ffdbbd6d7e4
0x000000006347bdd0:   0000000000000001 0000000062fec588
0x000000006347bde0:   000000006347bed0 000000006347be50
0x000000006347bdf0:   0000000000000000 000000006347be50
0x000000006347be00:   0000001100000001 0000000062db7bd0
0x000000006347be10:   000000005e7cc228 0000000000000000
0x000000006347be20:   0000000062db7bd0 00007ffdbbbca959
0x000000006347be30:   fffffffffffffffe 00000000001e0cc0
0x000000006347be40:   0000000000000000 00007ffdbbcac2aa
0x000000006347be50:   0000000062fecfd8 0000000062fed088
0x000000006347be60:   0000000062feb248 0000000062fec588 

Instructions: (pc=0x00007ffdbb7bfdba)
0x00007ffdbb7bfd9a:   6c 24 70 48 8b 74 24 78 48 83 c4 50 5f c3 cc cc
0x00007ffdbb7bfdaa:   cc cc cc cc cc cc 48 89 6c 24 18 57 48 83 ec 50
0x00007ffdbb7bfdba:   0f b6 42 20 49 8b e9 4c 8b d2 2c 02 48 8b f9 3c
0x00007ffdbb7bfdca:   0e 77 20 41 0f b6 40 20 2c 02 3c 0e 77 15 49 8b 


Register to memory mapping:

RAX=0x0000000000000000 is an unknown value
RBX=0x0000000000000001 is an unknown value
RCX=0x0000000062d5a210 is an unknown value
RDX=0x0000000000000000 is an unknown value
RSP=0x000000006347bd70 is pointing into the stack for thread: 0x000000001dad7000
RBP=0x000000006347bed0 is pointing into the stack for thread: 0x000000001dad7000
RSI=0x0000000000000000 is an unknown value
RDI=0x0000000000000000 is an unknown value
R8 =0x000000006347c400 is pointing into the stack for thread: 0x000000001dad7000
R9 =0x000000006347c058 is pointing into the stack for thread: 0x000000001dad7000
R10=0x0000000000000000 is an unknown value
R11=0x000000006347c200 is pointing into the stack for thread: 0x000000001dad7000
R12=0x000000000000002c is an unknown value
R13=0x0000000062fd24e0 is an unknown value
R14=0x0000000000000000 is an unknown value
R15=0x0000000062fe4238 is an unknown value


Stack: [0x0000000063380000,0x0000000063480000],  sp=0x000000006347bd70,  free space=1007k
Native frames: (J=compiled Java code, j=interpreted, Vv=VM code, C=native code)
C  [ig9icd64.dll+0x2afdba]
C  [ig9icd64.dll+0x85d7e4]
C  [ig9icd64.dll+0x85ff33]
C  [ig9icd64.dll+0x85f45e]
C  [ig9icd64.dll+0x8692ea]
C  [ig9icd64.dll+0x859dc4]
C  [ig9icd64.dll+0x858d1b]
C  [ig9icd64.dll+0x7d90ee]
C  [ig9icd64.dll+0x859422]
C  [ig9icd64.dll+0x858d1b]
C  [ig9icd64.dll+0x7d8f7b]
C  [ig9icd64.dll+0x778247]
C  [ig9icd64.dll+0x726da8]
C  [ig9icd64.dll+0x181bbb]
C  [ig9icd64.dll+0x1821e8]
C  [ig9icd64.dll+0x18237f]
C  0x00000000022e7f54

Java frames: (J=compiled Java code, j=interpreted, Vv=VM code)
j  org.lwjgl.opengl.GL20.nglLinkProgram(I)V+0
j  org.lwjgl.opengl.GL20.glLinkProgram(I)V+1
j  pe.engine.shader.main.ShaderProgram.compile()V+4
j  pe.engine.graphics.gui.GUIComponent.initShaderProgram()V+120
j  pe.engine.graphics.gui.Divider.<init>(IILpe/util/color/Color;Lpe/util/color/Color;I)V+373
j  pe.engine.threading.RenderingThread.run()V+157
j  java.util.concurrent.ThreadPoolExecutor.runWorker(Ljava/util/concurrent/ThreadPoolExecutor$Worker;)V+95
j  java.util.concurrent.ThreadPoolExecutor$Worker.run()V+5
j  java.lang.Thread.run()V+11
v  ~StubRoutines::call_stub

---------------  P R O C E S S  ---------------

Java Threads: ( => current thread )
  0x000000001dae5800 JavaThread "pool-1-thread-3" [_thread_in_Java, id=476, stack(0x0000000063580000,0x0000000063680000)]
  0x000000001dacd800 JavaThread "pool-1-thread-2" [_thread_in_Java, id=9592, stack(0x0000000063480000,0x0000000063580000)]
=>0x000000001dad7000 JavaThread "pool-1-thread-1" [_thread_in_native, id=8984, stack(0x0000000063380000,0x0000000063480000)]
  0x000000001d25e800 JavaThread "Service Thread" daemon [_thread_blocked, id=8944, stack(0x000000001d640000,0x000000001d740000)]
  0x000000001b902000 JavaThread "C1 CompilerThread2" daemon [_thread_blocked, id=1208, stack(0x000000001d140000,0x000000001d240000)]
  0x000000001b8f7000 JavaThread "C2 CompilerThread1" daemon [_thread_blocked, id=7996, stack(0x000000001d040000,0x000000001d140000)]
  0x000000001b8ee800 JavaThread "C2 CompilerThread0" daemon [_thread_blocked, id=9212, stack(0x000000001cf40000,0x000000001d040000)]
  0x000000001b8ed000 JavaThread "Attach Listener" daemon [_thread_blocked, id=9576, stack(0x000000001ce40000,0x000000001cf40000)]
  0x000000001b8ec000 JavaThread "Signal Dispatcher" daemon [_thread_blocked, id=10228, stack(0x000000001cd40000,0x000000001ce40000)]
  0x000000001b8d9800 JavaThread "Finalizer" daemon [_thread_blocked, id=1992, stack(0x000000001cb40000,0x000000001cc40000)]
  0x00000000022c2000 JavaThread "Reference Handler" daemon [_thread_blocked, id=3088, stack(0x000000001ca40000,0x000000001cb40000)]
  0x00000000021d2800 JavaThread "main" [_thread_in_Java, id=2828, stack(0x0000000002050000,0x0000000002150000)]

Other Threads:
  0x000000001b8b7000 VMThread [stack: 0x000000001c940000,0x000000001ca40000] [id=8472]
  0x000000001d297000 WatcherThread [stack: 0x000000001d740000,0x000000001d840000] [id=9068]

VM state:not at safepoint (normal execution)

VM Mutex/Monitor currently owned by a thread: None

Heap:
 PSYoungGen      total 76288K, used 21155K [0x000000076b100000, 0x0000000770600000, 0x00000007c0000000)
  eden space 65536K, 32% used [0x000000076b100000,0x000000076c5a8df0,0x000000076f100000)
  from space 10752K, 0% used [0x000000076fb80000,0x000000076fb80000,0x0000000770600000)
  to   space 10752K, 0% used [0x000000076f100000,0x000000076f100000,0x000000076fb80000)
 ParOldGen       total 175104K, used 0K [0x00000006c1200000, 0x00000006cbd00000, 0x000000076b100000)
  object space 175104K, 0% used [0x00000006c1200000,0x00000006c1200000,0x00000006cbd00000)
 Metaspace       used 8478K, capacity 8689K, committed 8832K, reserved 1056768K
  class space    used 755K, capacity 838K, committed 896K, reserved 1048576K

Card table byte_map: [0x0000000011690000,0x0000000011e90000] byte_map_base: 0x000000000e087000

Marking Bits: (ParMarkBitMap*) 0x0000000074a6a6d0
 Begin Bits: [0x00000000127e0000, 0x0000000016798000)
 End Bits:   [0x0000000016798000, 0x000000001a750000)

Polling page: 0x0000000000550000

CodeCache: size=245760Kb used=2795Kb max_used=2802Kb free=242964Kb
 bounds [0x00000000022d0000, 0x0000000002590000, 0x00000000112d0000]
 total_blobs=1496 nmethods=713 adapters=696
 compilation: enabled

Compilation events (10 events):
Event: 0.779 Thread 0x000000001b8f7000  704       4       sun.reflect.ReflectionFactory::copyField (10 bytes)
Event: 0.780 Thread 0x000000001b902000 nmethod 709 0x000000000258c510 code [0x000000000258c6e0, 0x000000000258d1e8]
Event: 0.781 Thread 0x000000001b8ee800 nmethod 705 0x000000000258c0d0 code [0x000000000258c220, 0x000000000258c398]
Event: 0.781 Thread 0x000000001b8f7000 nmethod 704 0x0000000002587990 code [0x0000000002587ae0, 0x0000000002587cb8]
Event: 0.785 Thread 0x000000001b902000  710       3       java.util.Vector::elementData (7 bytes)
Event: 0.785 Thread 0x000000001b902000 nmethod 710 0x000000000258e910 code [0x000000000258ea60, 0x000000000258ebf0]
Event: 0.786 Thread 0x000000001b902000  712       3       java.lang.invoke.MemberName::getName (25 bytes)
Event: 0.786 Thread 0x000000001b902000 nmethod 712 0x000000000258e250 code [0x000000000258e3e0, 0x000000000258e828]
Event: 0.788 Thread 0x000000001b902000  713       1       sun.nio.cs.SingleByte$Decoder::decode (11 bytes)
Event: 0.788 Thread 0x000000001b902000 nmethod 713 0x000000000258ded0 code [0x000000000258e020, 0x000000000258e170]

GC Heap History (0 events):
No events

Deoptimization events (4 events):
Event: 0.252 Thread 0x00000000021d2800 Uncommon trap: reason=unstable_if action=reinterpret pc=0x0000000002462228 method=java.lang.String.indexOf([CII[CIII)I @ 3
Event: 0.702 Thread 0x000000001dad7000 Uncommon trap: reason=unstable_if action=reinterpret pc=0x000000000256a858 method=java.util.HashMap.keySet()Ljava/util/Set; @ 6
Event: 0.785 Thread 0x000000001dad7000 Uncommon trap: reason=unstable_if action=reinterpret pc=0x000000000256cfc0 method=java.util.HashMap$HashIterator.<init>(Ljava/util/HashMap;)V @ 38
Event: 0.786 Thread 0x000000001dad7000 Uncommon trap: reason=unstable_if action=reinterpret pc=0x0000000002570190 method=java.util.HashMap$HashIterator.<init>(Ljava/util/HashMap;)V @ 38

Internal exceptions (10 events):
Event: 0.216 Thread 0x00000000021d2800 Exception <a 'java/security/PrivilegedActionException'> (0x000000076b532720) thrown at [C:\re\workspace\8-2-build-windows-amd64-cygwin\jdk8u101\7261\hotspot\src\share\vm\prims\jvm.cpp, line 1386]
Event: 0.216 Thread 0x00000000021d2800 Exception <a 'java/security/PrivilegedActionException'> (0x000000076b532930) thrown at [C:\re\workspace\8-2-build-windows-amd64-cygwin\jdk8u101\7261\hotspot\src\share\vm\prims\jvm.cpp, line 1386]
Event: 0.446 Thread 0x00000000021d2800 Exception <a 'sun/nio/fs/WindowsException'> (0x000000076b7c5400) thrown at [C:\re\workspace\8-2-build-windows-amd64-cygwin\jdk8u101\7261\hotspot\src\share\vm\prims\jni.cpp, line 709]
Event: 0.447 Thread 0x00000000021d2800 Exception <a 'sun/nio/fs/WindowsException'> (0x000000076b7c5be8) thrown at [C:\re\workspace\8-2-build-windows-amd64-cygwin\jdk8u101\7261\hotspot\src\share\vm\prims\jni.cpp, line 709]
Event: 0.449 Thread 0x00000000021d2800 Exception <a 'sun/nio/fs/WindowsException'> (0x000000076b7c7a90) thrown at [C:\re\workspace\8-2-build-windows-amd64-cygwin\jdk8u101\7261\hotspot\src\share\vm\prims\jni.cpp, line 709]
Event: 0.449 Thread 0x00000000021d2800 Exception <a 'sun/nio/fs/WindowsException'> (0x000000076b7c7fb8) thrown at [C:\re\workspace\8-2-build-windows-amd64-cygwin\jdk8u101\7261\hotspot\src\share\vm\prims\jni.cpp, line 709]
Event: 0.449 Thread 0x00000000021d2800 Exception <a 'sun/nio/fs/WindowsException'> (0x000000076b7c8990) thrown at [C:\re\workspace\8-2-build-windows-amd64-cygwin\jdk8u101\7261\hotspot\src\share\vm\prims\jni.cpp, line 709]
Event: 0.449 Thread 0x00000000021d2800 Exception <a 'sun/nio/fs/WindowsException'> (0x000000076b7c8e20) thrown at [C:\re\workspace\8-2-build-windows-amd64-cygwin\jdk8u101\7261\hotspot\src\share\vm\prims\jni.cpp, line 709]
Event: 0.785 Thread 0x000000001dad7000 Implicit null exception at 0x000000000256cd3f to 0x000000000256cfa5
Event: 0.786 Thread 0x000000001dad7000 Implicit null exception at 0x000000000256ff40 to 0x0000000002570179

Events (10 events):
Event: 0.786 Thread 0x000000001dad7000 DEOPT PACKING pc=0x0000000002570190 sp=0x000000006347da10
Event: 0.786 Thread 0x000000001dad7000 DEOPT UNPACKING pc=0x000000000231582a sp=0x000000006347d9c0 mode 2
Event: 0.786 loading class org/lwjgl/system/APIUtil$Encoder
Event: 0.786 loading class org/lwjgl/system/APIUtil$Encoder done
Event: 0.786 loading class org/lwjgl/system/APIUtil$Encoder
Event: 0.786 loading class org/lwjgl/system/APIUtil$Encoder done
Event: 0.786 loading class org/lwjgl/system/jemalloc/JEmalloc$Functions
Event: 0.786 loading class org/lwjgl/system/jemalloc/JEmalloc$Functions done
Event: 0.789 loading class pe/engine/shader/main/ShaderProgram
Event: 0.789 loading class pe/engine/shader/main/ShaderProgram done


Dynamic libraries:
0x00007ff7677b0000 - 0x00007ff7677e7000 	C:\Program Files\Java\jdk1.8.0_101\bin\javaw.exe
0x00007ffe01af0000 - 0x00007ffe01ccb000 	C:\WINDOWS\SYSTEM32\ntdll.dll
0x00007ffdff930000 - 0x00007ffdff9de000 	C:\WINDOWS\System32\KERNEL32.DLL
0x00007ffdfed60000 - 0x00007ffdfefa9000 	C:\WINDOWS\System32\KERNELBASE.dll
0x00007ffe01a40000 - 0x00007ffe01ae1000 	C:\WINDOWS\System32\ADVAPI32.dll
0x00007ffe00480000 - 0x00007ffe0051d000 	C:\WINDOWS\System32\msvcrt.dll
0x00007ffe00530000 - 0x00007ffe00589000 	C:\WINDOWS\System32\sechost.dll
0x00007ffdff2a0000 - 0x00007ffdff3c5000 	C:\WINDOWS\System32\RPCRT4.dll
0x00007ffe00280000 - 0x00007ffe003ca000 	C:\WINDOWS\System32\USER32.dll
0x00007ffdfe010000 - 0x00007ffdfe02e000 	C:\WINDOWS\System32\win32u.dll
0x00007ffe00250000 - 0x00007ffe00277000 	C:\WINDOWS\System32\GDI32.dll
0x00007ffdfead0000 - 0x00007ffdfec59000 	C:\WINDOWS\System32\gdi32full.dll
0x00007ffdfefb0000 - 0x00007ffdff04a000 	C:\WINDOWS\System32\msvcp_win.dll
0x00007ffdfec60000 - 0x00007ffdfed56000 	C:\WINDOWS\System32\ucrtbase.dll
0x00007ffdecc50000 - 0x00007ffdeceb7000 	C:\WINDOWS\WinSxS\amd64_microsoft.windows.common-controls_6595b64144ccf1df_6.0.15063.0_none_108e4f62dfe5d999\COMCTL32.dll
0x00007ffdfff40000 - 0x00007ffe00239000 	C:\WINDOWS\System32\combase.dll
0x00007ffdfea60000 - 0x00007ffdfeaca000 	C:\WINDOWS\System32\bcryptPrimitives.dll
0x00007ffdff050000 - 0x00007ffdff07d000 	C:\WINDOWS\System32\IMM32.DLL
0x0000000075ca0000 - 0x0000000075d72000 	C:\Program Files\Java\jdk1.8.0_101\jre\bin\msvcr100.dll
0x0000000074250000 - 0x0000000074aea000 	C:\Program Files\Java\jdk1.8.0_101\jre\bin\server\jvm.dll
0x00007ffdfff30000 - 0x00007ffdfff38000 	C:\WINDOWS\System32\PSAPI.DLL
0x00007ffdf8a70000 - 0x00007ffdf8a79000 	C:\WINDOWS\SYSTEM32\WSOCK32.dll
0x00007ffe019d0000 - 0x00007ffe01a3c000 	C:\WINDOWS\System32\WS2_32.dll
0x00007ffdeec90000 - 0x00007ffdeecb3000 	C:\WINDOWS\SYSTEM32\WINMM.dll
0x00007ffdf2740000 - 0x00007ffdf274a000 	C:\WINDOWS\SYSTEM32\VERSION.dll
0x00007ffdeec60000 - 0x00007ffdeec8b000 	C:\WINDOWS\SYSTEM32\WINMMBASE.dll
0x00007ffdfe840000 - 0x00007ffdfe889000 	C:\WINDOWS\System32\cfgmgr32.dll
0x0000000075c90000 - 0x0000000075c9f000 	C:\Program Files\Java\jdk1.8.0_101\jre\bin\verify.dll
0x0000000075c60000 - 0x0000000075c89000 	C:\Program Files\Java\jdk1.8.0_101\jre\bin\java.dll
0x0000000075c40000 - 0x0000000075c56000 	C:\Program Files\Java\jdk1.8.0_101\jre\bin\zip.dll
0x00007ffe00590000 - 0x00007ffe019c7000 	C:\WINDOWS\System32\SHELL32.dll
0x00007ffe003d0000 - 0x00007ffe0047a000 	C:\WINDOWS\System32\shcore.dll
0x00007ffdfe030000 - 0x00007ffdfe722000 	C:\WINDOWS\System32\windows.storage.dll
0x00007ffdff220000 - 0x00007ffdff271000 	C:\WINDOWS\System32\shlwapi.dll
0x00007ffdfdfa0000 - 0x00007ffdfdfb1000 	C:\WINDOWS\System32\kernel.appcore.dll
0x00007ffdfdfc0000 - 0x00007ffdfe00c000 	C:\WINDOWS\System32\powrprof.dll
0x00007ffdfdf80000 - 0x00007ffdfdf95000 	C:\WINDOWS\System32\profapi.dll
0x0000000075c20000 - 0x0000000075c3a000 	C:\Program Files\Java\jdk1.8.0_101\jre\bin\net.dll
0x00007ffdfd810000 - 0x00007ffdfd86c000 	C:\WINDOWS\system32\mswsock.dll
0x0000000075c00000 - 0x0000000075c11000 	C:\Program Files\Java\jdk1.8.0_101\jre\bin\nio.dll
0x00007ffdf4bd0000 - 0x00007ffdf4c27000 	C:\Users\empen\AppData\Local\Temp\lwjglempen\3.1.1-build-16\lwjgl.dll
0x00007ffdfd9d0000 - 0x00007ffdfd9db000 	C:\WINDOWS\SYSTEM32\CRYPTBASE.DLL
0x00007ffdf4c90000 - 0x00007ffdf4cce000 	C:\Users\empen\AppData\Local\Temp\lwjglempen\3.1.1-build-16\jemalloc.dll
0x00007ffdf4b90000 - 0x00007ffdf4bcc000 	C:\Users\empen\AppData\Local\Temp\lwjglempen\3.1.1-build-16\glfw.dll
0x00007ffdfc6a0000 - 0x00007ffdfc735000 	C:\WINDOWS\system32\uxtheme.dll
0x00007ffdf4b40000 - 0x00007ffdf4b82000 	C:\WINDOWS\SYSTEM32\dinput8.dll
0x00007ffdfaa00000 - 0x00007ffdfaa0e000 	C:\WINDOWS\SYSTEM32\xinput1_4.dll
0x00007ffdfc950000 - 0x00007ffdfc978000 	C:\WINDOWS\SYSTEM32\DEVOBJ.dll
0x00007ffded980000 - 0x00007ffded9aa000 	C:\WINDOWS\SYSTEM32\dwmapi.dll
0x00007ffdf3d00000 - 0x00007ffdf3da1000 	C:\Program Files\Common Files\microsoft shared\ink\tiptsf.dll
0x00007ffdff870000 - 0x00007ffdff92f000 	C:\WINDOWS\System32\OLEAUT32.dll
0x00007ffdfcd40000 - 0x00007ffdfcd4d000 	C:\WINDOWS\SYSTEM32\HID.DLL
0x00007ffdff430000 - 0x00007ffdff86b000 	C:\WINDOWS\System32\SETUPAPI.DLL
0x00007ffdfe730000 - 0x00007ffdfe786000 	C:\WINDOWS\System32\WINTRUST.dll
0x00007ffdfdf60000 - 0x00007ffdfdf71000 	C:\WINDOWS\System32\MSASN1.dll
0x00007ffdfe890000 - 0x00007ffdfea59000 	C:\WINDOWS\System32\CRYPT32.dll
0x00007ffdffc10000 - 0x00007ffdffd76000 	C:\WINDOWS\System32\MSCTF.dll
0x00007ffdde520000 - 0x00007ffdde641000 	C:\WINDOWS\SYSTEM32\opengl32.dll
0x00007ffdf4fa0000 - 0x00007ffdf4fcc000 	C:\WINDOWS\SYSTEM32\GLU32.dll
0x00007ffdbb510000 - 0x00007ffdbc21f000 	C:\WINDOWS\SYSTEM32\ig9icd64.dll
0x00007ffdf6db0000 - 0x00007ffdf7c23000 	C:\WINDOWS\SYSTEM32\igc64.dll
0x00007ffdfa4b0000 - 0x00007ffdfa4c3000 	C:\WINDOWS\SYSTEM32\WTSAPI32.dll
0x00007ffdeb380000 - 0x00007ffdeb3df000 	C:\Users\empen\AppData\Local\Temp\lwjglempen\3.1.1-build-16\lwjgl_opengl.dll
0x00007ffdf9c20000 - 0x00007ffdf9ca2000 	C:\WINDOWS\System32\TextInputFramework.dll
0x00007ffdeb860000 - 0x00007ffdebb32000 	C:\WINDOWS\System32\CoreUIComponents.dll
0x00007ffdfbf50000 - 0x00007ffdfc033000 	C:\WINDOWS\System32\CoreMessaging.dll
0x00007ffdfd260000 - 0x00007ffdfd291000 	C:\WINDOWS\SYSTEM32\ntmarta.dll
0x00007ffdfaa90000 - 0x00007ffdfabc9000 	C:\WINDOWS\SYSTEM32\wintypes.dll
0x00007ffdfa1d0000 - 0x00007ffdfa1e5000 	C:\WINDOWS\SYSTEM32\usermgrcli.dll
0x00007ffdf1100000 - 0x00007ffdf12a9000 	C:\WINDOWS\SYSTEM32\dbghelp.dll

VM Arguments:
jvm_args: -Dfile.encoding=Cp1252 
java_command: pe.engine.threading.MasterThread
java_class_path (initial): C:\Users\empen\Documents\GitHub\ProceduralEngine\target\classes;C:\Users\empen\.m2\repository\org\lwjgl\lwjgl\3.1.1\lwjgl-3.1.1.jar;C:\Users\empen\.m2\repository\org\lwjgl\lwjgl-assimp\3.1.1\lwjgl-assimp-3.1.1.jar;C:\Users\empen\.m2\repository\org\lwjgl\lwjgl-bgfx\3.1.1\lwjgl-bgfx-3.1.1.jar;C:\Users\empen\.m2\repository\org\lwjgl\lwjgl-egl\3.1.1\lwjgl-egl-3.1.1.jar;C:\Users\empen\.m2\repository\org\lwjgl\lwjgl-glfw\3.1.1\lwjgl-glfw-3.1.1.jar;C:\Users\empen\.m2\repository\org\lwjgl\lwjgl-jawt\3.1.1\lwjgl-jawt-3.1.1.jar;C:\Users\empen\.m2\repository\org\lwjgl\lwjgl-jemalloc\3.1.1\lwjgl-jemalloc-3.1.1.jar;C:\Users\empen\.m2\repository\org\lwjgl\lwjgl-lmdb\3.1.1\lwjgl-lmdb-3.1.1.jar;C:\Users\empen\.m2\repository\org\lwjgl\lwjgl-nanovg\3.1.1\lwjgl-nanovg-3.1.1.jar;C:\Users\empen\.m2\repository\org\lwjgl\lwjgl-nfd\3.1.1\lwjgl-nfd-3.1.1.jar;C:\Users\empen\.m2\repository\org\lwjgl\lwjgl-nuklear\3.1.1\lwjgl-nuklear-3.1.1.jar;C:\Users\empen\.m2\repository\org\lwjgl\lwjgl-openal\3.1.1\lwjgl-openal-3.1.1.jar;C:\Users\empen\.m2\repository\org\lwjgl\lwjgl-opencl\3.1.1\lwjgl-opencl-3.1.1.jar;C:\Users\empen\.m2\repository\org\lwjgl\lwjgl-opengl\3.1.1\lwjgl-opengl-3.1.1.jar;C:\Users\empen\.m2\repository\org\lwjgl\lwjgl-opengles\3.1.1\lwjgl-opengles-3.1.1.jar;C:\Users\empen\.m2\repository\org\lwjgl\lwjgl-ovr\3.1.1\lwjgl-ovr-3.1.1.jar;C:\Users\empen\.m2\repository\org\lwjgl\lwjgl-par\3.1.1\lwjgl-par-3.1.1.jar;C:\Users\empen\.m2\repository\org\lwjgl\lwjgl-sse\3.1.1\lwjgl-sse-3.1.1.jar;C:\Users\empen\.m2\repository\org\lwjgl\lwjgl-stb\3.1.1\lwjgl-stb-3.1.1.jar;C:\Users\empen\.m2\repository\org\lwjgl\lwjgl-tinyfd\3.1.1\lwjgl-tinyfd-3.1.1.jar;C:\Users\empen\.m2\repository\org\lwjgl\lwjgl-vulkan\3.1.1\lwjgl-vulkan-3.1.1.jar;C:\Users\empen\.m2\repository\org\lwjgl\lwjgl-xxhash\3.1.1\lwjgl-xxhash-3.1.1.jar;C:\Users\empen\.m2\repository\org\lwjgl\lwjgl\3.1.1\lwjgl-3.1.1-natives-windows.jar;C:\Users\empen\.m2\repository\org\lwjgl\lwjgl-assimp\3.1.1\lwjgl-assimp-3.1
Launcher Type: SUN_STANDARD

Environment Variables:
PATH=C:/Program Files/Java/jdk1.8.0_101/jre/bin/server;C:/Program Files/Java/jdk1.8.0_101/jre/bin;C:/Program Files/Java/jdk1.8.0_101/jre/lib/amd64;C:\ProgramData\Oracle\Java\javapath;C:\WINDOWS\system32;C:\WINDOWS;C:\WINDOWS\System32\Wbem;C:\WINDOWS\System32\WindowsPowerShell\v1.0\;C:\Program Files\MiKTeX 2.9\miktex\bin\x64\;C:\Program Files\PuTTY\;C:\Users\empen\AppData\Local\Microsoft\WindowsApps;C:\Program Files (x86)\Microsoft VS Code\bin;C:\WINDOWS\system32;
USERNAME=empen
OS=Windows_NT
PROCESSOR_IDENTIFIER=Intel64 Family 6 Model 78 Stepping 3, GenuineIntel



---------------  S Y S T E M  ---------------

OS: Windows 10.0 , 64 bit Build 15063 (10.0.15063.296)

CPU:total 4 (2 cores per cpu, 2 threads per core) family 6 model 78 stepping 3, cmov, cx8, fxsr, mmx, sse, sse2, sse3, ssse3, sse4.1, sse4.2, popcnt, avx, avx2, aes, clmul, erms, rtm, 3dnowpref, lzcnt, ht, tsc, tscinvbit, bmi1, bmi2, adx

Memory: 4k page, physical 16701568k(11023156k free), swap 19191936k(12945128k free)

vm_info: Java HotSpot(TM) 64-Bit Server VM (25.101-b13) for windows-amd64 JRE (1.8.0_101-b13), built on Jun 22 2016 01:21:29 by "java_re" with MS VC++ 10.0 (VS2010)

time: Mon May 22 18:56:22 2017
elapsed time: 0 seconds (0d 0h 0m 0s)

