#
# A fatal error has been detected by the Java Runtime Environment:
#
#  EXCEPTION_ACCESS_VIOLATION (0xc0000005) at pc=0x0000000076974848, pid=107292, tid=0x0000000000018584
#
# JRE version: Java(TM) SE Runtime Environment (8.0_121-b13) (build 1.8.0_121-b13)
# Java VM: Java HotSpot(TM) 64-Bit Server VM (25.121-b13 mixed mode windows-amd64 compressed oops)
# Problematic frame:
# C  [nvoglv64.DLL+0xac4848]
#
# Failed to write core dump. Minidumps are not enabled by default on client versions of Windows
#
# If you would like to submit a bug report, please visit:
#   http://bugreport.java.com/bugreport/crash.jsp
# The crash happened outside the Java Virtual Machine in native code.
# See problematic frame for where to report the bug.
#

---------------  T H R E A D  ---------------

Current thread (0x000000003ba45800):  JavaThread "pool-1-thread-1" [_thread_in_native, id=99716, stack(0x0000000041e90000,0x0000000041f90000)]

siginfo: ExceptionCode=0xc0000005, reading address 0x0000000000000000

Registers:
RAX=0x0000000000000006, RBX=0x0000000000000000, RCX=0x000250a3e556620a, RDX=0x0000011bab3d0b8e
RSP=0x0000000041f8ecd0, RBP=0x0000000000000006, RSI=0x0000000043597080, RDI=0x0000000043597080
R8 =0x0000000000000022, R9 =0x0000000000000000, R10=0x0000000000000006, R11=0x0000000051f0b820
R12=0x0000000000000000, R13=0x00000000435985c0, R14=0x0000000000001405, R15=0x0000000000000000
RIP=0x0000000076974848, EFLAGS=0x0000000000010246

Top of Stack: (sp=0x0000000041f8ecd0)
0x0000000041f8ecd0:   0000000000000004 000000003ba45800
0x0000000041f8ece0:   0000000000000000 0000000041f8eeb8
0x0000000041f8ecf0:   0000000000000000 0000000000000000
0x0000000041f8ed00:   0000000041f8ed00 0000000000000000
0x0000000041f8ed10:   0000000000000000 00007fffbb97eb30
0x0000000041f8ed20:   0000000000000004 0000000000000006
0x0000000041f8ed30:   0000000038208590 0000000000001405
0x0000000041f8ed40:   0000000001000020 0000000000000000
0x0000000041f8ed50:   0000000000000000 00000000766466c6
0x0000000041f8ed60:   00000000435985c0 0000000000000004
0x0000000041f8ed70:   0000000043597080 000000003a618ba0
0x0000000041f8ed80:   0000000000000006 0000000000000018
0x0000000041f8ed90:   0000000000000000 0000000000000000
0x0000000041f8eda0:   0000000038208500 000000003ba45800
0x0000000041f8edb0:   0000000002aa835d 0000000002ab7e06
0x0000000041f8edc0:   000000003ba45800 0000000041f8eeb8 

Instructions: (pc=0x0000000076974848)
0x0000000076974828:   89 bc 24 a0 00 00 00 e8 8c fd e9 ff 41 81 fe 05
0x0000000076974838:   14 00 00 75 1f 48 8b 9c 24 c0 00 00 00 48 63 c5
0x0000000076974848:   8b 0b 8b 54 83 fc 3b ca 8b fa 0f 47 f9 0f 42 d1
0x0000000076974858:   2b fa eb 6a 41 81 fe 03 14 00 00 75 29 48 8b 9c 


Register to memory mapping:

RAX=0x0000000000000006 is an unknown value
RBX=0x0000000000000000 is an unknown value
RCX=0x000250a3e556620a is an unknown value
RDX=0x0000011bab3d0b8e is an unknown value
RSP=0x0000000041f8ecd0 is pointing into the stack for thread: 0x000000003ba45800
RBP=0x0000000000000006 is an unknown value
RSI=0x0000000043597080 is an unknown value
RDI=0x0000000043597080 is an unknown value
R8 =0x0000000000000022 is an unknown value
R9 =0x0000000000000000 is an unknown value
R10=0x0000000000000006 is an unknown value
R11=0x0000000051f0b820 is an unknown value
R12=0x0000000000000000 is an unknown value
R13=0x00000000435985c0 is an unknown value
R14=0x0000000000001405 is an unknown value
R15=0x0000000000000000 is an unknown value


Stack: [0x0000000041e90000,0x0000000041f90000],  sp=0x0000000041f8ecd0,  free space=1019k
Native frames: (J=compiled Java code, j=interpreted, Vv=VM code, C=native code)
C  [nvoglv64.DLL+0xac4848]
C  [nvoglv64.DLL+0x7966c6]
C  0x0000000002ab7f74

Java frames: (J=compiled Java code, j=interpreted, Vv=VM code)
j  org.lwjgl.opengl.GL11.nglDrawElements(IIIJ)V+0
j  org.lwjgl.opengl.GL11.glDrawElements(IIIJ)V+4
j  pe.engine.graphics.objects.Mesh.render()V+20
j  pe.engine.graphics.gui.GUIComponent.render()V+199
j  pe.engine.graphics.gui.GUI.render()V+24
j  pe.engine.threading.RenderingThread.run()V+201
j  java.util.concurrent.ThreadPoolExecutor.runWorker(Ljava/util/concurrent/ThreadPoolExecutor$Worker;)V+95
j  java.util.concurrent.ThreadPoolExecutor$Worker.run()V+5
j  java.lang.Thread.run()V+11
v  ~StubRoutines::call_stub

---------------  P R O C E S S  ---------------

Java Threads: ( => current thread )
  0x000000003ba47000 JavaThread "pool-1-thread-3" [_thread_in_Java, id=95060, stack(0x0000000043490000,0x0000000043590000)]
  0x000000003ba46800 JavaThread "pool-1-thread-2" [_thread_in_Java, id=106704, stack(0x0000000043390000,0x0000000043490000)]
=>0x000000003ba45800 JavaThread "pool-1-thread-1" [_thread_in_native, id=99716, stack(0x0000000041e90000,0x0000000041f90000)]
  0x000000003a651000 JavaThread "Service Thread" daemon [_thread_blocked, id=106504, stack(0x000000003b180000,0x000000003b280000)]
  0x000000003a5d3800 JavaThread "C1 CompilerThread3" daemon [_thread_blocked, id=106744, stack(0x000000003b080000,0x000000003b180000)]
  0x000000003a5c3800 JavaThread "C2 CompilerThread2" daemon [_thread_blocked, id=105680, stack(0x000000003af80000,0x000000003b080000)]
  0x000000003a5bf800 JavaThread "C2 CompilerThread1" daemon [_thread_blocked, id=96188, stack(0x000000003ae80000,0x000000003af80000)]
  0x000000003a5bd000 JavaThread "C2 CompilerThread0" daemon [_thread_blocked, id=107156, stack(0x000000003ad80000,0x000000003ae80000)]
  0x000000003a5bb800 JavaThread "Attach Listener" daemon [_thread_blocked, id=106840, stack(0x000000003ac80000,0x000000003ad80000)]
  0x000000003a5ba800 JavaThread "Signal Dispatcher" daemon [_thread_blocked, id=104484, stack(0x000000003ab80000,0x000000003ac80000)]
  0x0000000002a99800 JavaThread "Finalizer" daemon [_thread_blocked, id=106752, stack(0x000000003a990000,0x000000003aa90000)]
  0x0000000002a98000 JavaThread "Reference Handler" daemon [_thread_blocked, id=106260, stack(0x000000003a490000,0x000000003a590000)]
  0x00000000029a2800 JavaThread "main" [_thread_in_Java, id=106160, stack(0x0000000002840000,0x0000000002940000)]

Other Threads:
  0x0000000038699000 VMThread [stack: 0x000000003a390000,0x000000003a490000] [id=107252]
  0x000000003a5b6800 WatcherThread [stack: 0x000000003b280000,0x000000003b380000] [id=107500]

VM state:not at safepoint (normal execution)

VM Mutex/Monitor currently owned by a thread: None

Heap:
 PSYoungGen      total 305664K, used 41943K [0x000000066ae00000, 0x0000000680300000, 0x00000007c0000000)
  eden space 262144K, 16% used [0x000000066ae00000,0x000000066d6f5cb0,0x000000067ae00000)
  from space 43520K, 0% used [0x000000067d880000,0x000000067d880000,0x0000000680300000)
  to   space 43520K, 0% used [0x000000067ae00000,0x000000067ae00000,0x000000067d880000)
 ParOldGen       total 699392K, used 0K [0x00000003c0a00000, 0x00000003eb500000, 0x000000066ae00000)
  object space 699392K, 0% used [0x00000003c0a00000,0x00000003c0a00000,0x00000003eb500000)
 Metaspace       used 9114K, capacity 9297K, committed 9344K, reserved 1058816K
  class space    used 789K, capacity 870K, committed 896K, reserved 1048576K

Card table byte_map: [0x0000000011e60000,0x0000000013e60000] byte_map_base: 0x000000001005b000

Marking Bits: (ParMarkBitMap*) 0x00000000524fb6d0
 Begin Bits: [0x0000000015bc0000, 0x0000000025b98000)
 End Bits:   [0x0000000025b98000, 0x0000000035b70000)

Polling page: 0x0000000001060000

CodeCache: size=245760Kb used=3005Kb max_used=3005Kb free=242754Kb
 bounds [0x0000000002aa0000, 0x0000000002da0000, 0x0000000011aa0000]
 total_blobs=1579 nmethods=753 adapters=739
 compilation: enabled

Compilation events (10 events):
Event: 1.577 Thread 0x000000003a5d3800 nmethod 748% 0x0000000002d84890 code [0x0000000002d84e80, 0x0000000002d87f38]
Event: 1.577 Thread 0x000000003a5d3800  749   !   3       pe.engine.threading.RenderingThread::run (236 bytes)
Event: 1.578 Thread 0x000000003a5d3800 nmethod 749 0x0000000002d8a550 code [0x0000000002d8ab40, 0x0000000002d8db18]
Event: 1.578 Thread 0x000000003a5c3800  750 % !   4       pe.engine.threading.RenderingThread::run @ 169 (236 bytes)
Event: 1.579 Thread 0x000000003a5c3800 nmethod 750% 0x0000000002d835d0 code [0x0000000002d83740, 0x0000000002d83938]
Event: 1.964 Thread 0x000000003a5d3800  751       3       java.util.Locale::equals (75 bytes)
Event: 1.964 Thread 0x000000003a5d3800 nmethod 751 0x0000000002d82a10 code [0x0000000002d82bc0, 0x0000000002d83418]
Event: 1.964 Thread 0x000000003a5d3800  752       3       java.util.Formatter$FormatSpecifier::checkBadFlags (39 bytes)
Event: 1.964 Thread 0x000000003a5d3800 nmethod 752 0x0000000002d83fd0 code [0x0000000002d84180, 0x0000000002d84618]
Event: 1.965 Thread 0x000000003a5d3800  753  s    3       java.util.Vector::elementAt (48 bytes)

GC Heap History (0 events):
No events

Deoptimization events (9 events):
Event: 0.116 Thread 0x00000000029a2800 Uncommon trap: reason=unstable_if action=reinterpret pc=0x0000000002c35bc0 method=java.lang.String.indexOf([CII[CIII)I @ 3
Event: 1.441 Thread 0x000000003ba45800 Uncommon trap: reason=unstable_if action=reinterpret pc=0x0000000002d63918 method=java.util.HashMap.keySet()Ljava/util/Set; @ 6
Event: 1.570 Thread 0x000000003ba45800 Uncommon trap: reason=unstable_if action=reinterpret pc=0x0000000002d634f4 method=java.util.HashMap$HashIterator.<init>(Ljava/util/HashMap;)V @ 38
Event: 1.571 Thread 0x000000003ba45800 Uncommon trap: reason=unstable_if action=reinterpret pc=0x0000000002d640e0 method=java.util.HashMap$HashIterator.<init>(Ljava/util/HashMap;)V @ 38
Event: 1.571 Thread 0x000000003ba45800 Uncommon trap: reason=class_check action=maybe_recompile pc=0x0000000002d7dbb8 method=org.lwjgl.system.FunctionProvider.getFunctionAddress(Ljava/lang/CharSequence;)J @ 12
Event: 1.571 Thread 0x000000003ba45800 Uncommon trap: reason=class_check action=maybe_recompile pc=0x0000000002d7dbb8 method=org.lwjgl.system.FunctionProvider.getFunctionAddress(Ljava/lang/CharSequence;)J @ 12
Event: 1.571 Thread 0x000000003ba45800 Uncommon trap: reason=class_check action=maybe_recompile pc=0x0000000002d7dbb8 method=org.lwjgl.system.FunctionProvider.getFunctionAddress(Ljava/lang/CharSequence;)J @ 12
Event: 1.571 Thread 0x000000003ba45800 Uncommon trap: reason=class_check action=maybe_recompile pc=0x0000000002d7dbb8 method=org.lwjgl.system.FunctionProvider.getFunctionAddress(Ljava/lang/CharSequence;)J @ 12
Event: 1.964 Thread 0x000000003ba45800 Uncommon trap: reason=unstable_if action=reinterpret pc=0x0000000002d838cc method=pe.engine.threading.RenderingThread.run()V @ 176

Internal exceptions (10 events):
Event: 0.093 Thread 0x00000000029a2800 Exception <a 'java/security/PrivilegedActionException'> (0x000000066b0e8218) thrown at [C:\re\workspace\8-2-build-windows-amd64-cygwin\jdk8u121\8372\hotspot\src\share\vm\prims\jvm.cpp, line 1390]
Event: 0.093 Thread 0x00000000029a2800 Exception <a 'java/security/PrivilegedActionException'> (0x000000066b0e8428) thrown at [C:\re\workspace\8-2-build-windows-amd64-cygwin\jdk8u121\8372\hotspot\src\share\vm\prims\jvm.cpp, line 1390]
Event: 1.188 Thread 0x00000000029a2800 Exception <a 'sun/nio/fs/WindowsException'> (0x000000066b8995c8) thrown at [C:\re\workspace\8-2-build-windows-amd64-cygwin\jdk8u121\8372\hotspot\src\share\vm\prims\jni.cpp, line 709]
Event: 1.189 Thread 0x00000000029a2800 Exception <a 'sun/nio/fs/WindowsException'> (0x000000066b899db0) thrown at [C:\re\workspace\8-2-build-windows-amd64-cygwin\jdk8u121\8372\hotspot\src\share\vm\prims\jni.cpp, line 709]
Event: 1.189 Thread 0x00000000029a2800 Exception <a 'sun/nio/fs/WindowsException'> (0x000000066b89c248) thrown at [C:\re\workspace\8-2-build-windows-amd64-cygwin\jdk8u121\8372\hotspot\src\share\vm\prims\jni.cpp, line 709]
Event: 1.189 Thread 0x00000000029a2800 Exception <a 'sun/nio/fs/WindowsException'> (0x000000066b89c770) thrown at [C:\re\workspace\8-2-build-windows-amd64-cygwin\jdk8u121\8372\hotspot\src\share\vm\prims\jni.cpp, line 709]
Event: 1.189 Thread 0x00000000029a2800 Exception <a 'sun/nio/fs/WindowsException'> (0x000000066b89d148) thrown at [C:\re\workspace\8-2-build-windows-amd64-cygwin\jdk8u121\8372\hotspot\src\share\vm\prims\jni.cpp, line 709]
Event: 1.189 Thread 0x00000000029a2800 Exception <a 'sun/nio/fs/WindowsException'> (0x000000066b89d5d8) thrown at [C:\re\workspace\8-2-build-windows-amd64-cygwin\jdk8u121\8372\hotspot\src\share\vm\prims\jni.cpp, line 709]
Event: 1.570 Thread 0x000000003ba45800 Implicit null exception at 0x0000000002d632f5 to 0x0000000002d634d9
Event: 1.571 Thread 0x000000003ba45800 Implicit null exception at 0x0000000002d63eff to 0x0000000002d640c9

Events (10 events):
Event: 1.572 loading class pe/engine/shader/main/ShaderProgram done
Event: 1.580 Thread 0x000000003ba45800 DEOPT PACKING pc=0x0000000002d87a82 sp=0x0000000041f8ef00
Event: 1.580 Thread 0x000000003ba45800 DEOPT UNPACKING pc=0x0000000002ae787f sp=0x0000000041f8edb0 mode 0
Event: 1.964 Thread 0x000000003ba45800 Uncommon trap: trap_request=0xffffff65 fr.pc=0x0000000002d838cc
Event: 1.964 Thread 0x000000003ba45800 DEOPT PACKING pc=0x0000000002d838cc sp=0x0000000041f8f090
Event: 1.964 Thread 0x000000003ba45800 DEOPT UNPACKING pc=0x0000000002ae582a sp=0x0000000041f8f040 mode 2
Event: 1.964 loading class pe/util/math/Mat3f
Event: 1.964 loading class pe/util/math/Mat3f done
Event: 1.965 loading class pe/util/math/Mat4f
Event: 1.965 loading class pe/util/math/Mat4f done


Dynamic libraries:
0x00007ff7fc270000 - 0x00007ff7fc2a7000 	C:\Program Files\Java\jre1.8.0_121\bin\javaw.exe
0x00007fffcf7e0000 - 0x00007fffcf9b1000 	C:\WINDOWS\SYSTEM32\ntdll.dll
0x00007fffcf560000 - 0x00007fffcf60c000 	C:\WINDOWS\System32\KERNEL32.DLL
0x00007fffcc1d0000 - 0x00007fffcc3ed000 	C:\WINDOWS\System32\KERNELBASE.dll
0x00007fffcd790000 - 0x00007fffcd832000 	C:\WINDOWS\System32\ADVAPI32.dll
0x00007fffcf740000 - 0x00007fffcf7de000 	C:\WINDOWS\System32\msvcrt.dll
0x00007fffcd420000 - 0x00007fffcd479000 	C:\WINDOWS\System32\sechost.dll
0x00007fffcceb0000 - 0x00007fffccfd1000 	C:\WINDOWS\System32\RPCRT4.dll
0x00007fffcf350000 - 0x00007fffcf4b5000 	C:\WINDOWS\System32\USER32.dll
0x00007fffcbf10000 - 0x00007fffcbf2e000 	C:\WINDOWS\System32\win32u.dll
0x00007fffcf4c0000 - 0x00007fffcf4f4000 	C:\WINDOWS\System32\GDI32.dll
0x00007fffcbd80000 - 0x00007fffcbf02000 	C:\WINDOWS\System32\gdi32full.dll
0x00007fffc0b80000 - 0x00007fffc0dfa000 	C:\WINDOWS\WinSxS\amd64_microsoft.windows.common-controls_6595b64144ccf1df_6.0.14393.953_none_42151e83c686086b\COMCTL32.dll
0x00007fffcf070000 - 0x00007fffcf338000 	C:\WINDOWS\System32\combase.dll
0x00007fffccbc0000 - 0x00007fffcccb5000 	C:\WINDOWS\System32\ucrtbase.dll
0x00007fffcbf30000 - 0x00007fffcbf9a000 	C:\WINDOWS\System32\bcryptPrimitives.dll
0x00007fffcd4e0000 - 0x00007fffcd50e000 	C:\WINDOWS\System32\IMM32.DLL
0x0000000050e90000 - 0x0000000050f62000 	C:\Program Files\Java\jre1.8.0_121\bin\msvcr100.dll
0x0000000051ce0000 - 0x000000005257b000 	C:\Program Files\Java\jre1.8.0_121\bin\server\jvm.dll
0x00007fffcd410000 - 0x00007fffcd418000 	C:\WINDOWS\System32\PSAPI.DLL
0x00007fffc3a70000 - 0x00007fffc3a79000 	C:\WINDOWS\SYSTEM32\WSOCK32.dll
0x00007fffc81a0000 - 0x00007fffc81aa000 	C:\WINDOWS\SYSTEM32\VERSION.dll
0x00007fffc9c40000 - 0x00007fffc9c63000 	C:\WINDOWS\SYSTEM32\WINMM.dll
0x00007fffcd580000 - 0x00007fffcd5ea000 	C:\WINDOWS\System32\WS2_32.dll
0x00000000027b0000 - 0x00000000027db000 	C:\WINDOWS\SYSTEM32\WINMMBASE.dll
0x00007fffccad0000 - 0x00007fffccb12000 	C:\WINDOWS\System32\cfgmgr32.dll
0x0000000052c70000 - 0x0000000052c7f000 	C:\Program Files\Java\jre1.8.0_121\bin\verify.dll
0x0000000052c40000 - 0x0000000052c69000 	C:\Program Files\Java\jre1.8.0_121\bin\java.dll
0x0000000052c20000 - 0x0000000052c36000 	C:\Program Files\Java\jre1.8.0_121\bin\zip.dll
0x00007fffcd860000 - 0x00007fffced68000 	C:\WINDOWS\System32\SHELL32.dll
0x00007fffcc3f0000 - 0x00007fffccaca000 	C:\WINDOWS\System32\windows.storage.dll
0x00007fffcbc50000 - 0x00007fffcbc9c000 	C:\WINDOWS\System32\powrprof.dll
0x00007fffcf500000 - 0x00007fffcf552000 	C:\WINDOWS\System32\shlwapi.dll
0x00007fffcbcc0000 - 0x00007fffcbccf000 	C:\WINDOWS\System32\kernel.appcore.dll
0x00007fffcbcd0000 - 0x00007fffcbd79000 	C:\WINDOWS\System32\shcore.dll
0x00007fffcbca0000 - 0x00007fffcbcb4000 	C:\WINDOWS\System32\profapi.dll
0x0000000052c00000 - 0x0000000052c1a000 	C:\Program Files\Java\jre1.8.0_121\bin\net.dll
0x00007fffcb570000 - 0x00007fffcb5cc000 	C:\WINDOWS\system32\mswsock.dll
0x0000000052be0000 - 0x0000000052bf1000 	C:\Program Files\Java\jre1.8.0_121\bin\nio.dll
0x00007fffbbc60000 - 0x00007fffbbcb7000 	C:\Users\Ethan\AppData\Local\Temp\lwjglEthan\3.1.1-build-16\lwjgl.dll
0x00007fffcb730000 - 0x00007fffcb73b000 	C:\WINDOWS\SYSTEM32\CRYPTBASE.DLL
0x00007fffbba50000 - 0x00007fffbba8e000 	C:\Users\Ethan\AppData\Local\Temp\lwjglEthan\3.1.1-build-16\jemalloc.dll
0x00007fffbba10000 - 0x00007fffbba4c000 	C:\Users\Ethan\AppData\Local\Temp\lwjglEthan\3.1.1-build-16\glfw.dll
0x00007fffca2c0000 - 0x00007fffca355000 	C:\WINDOWS\system32\uxtheme.dll
0x00007fffbb9d0000 - 0x00007fffbba10000 	C:\WINDOWS\SYSTEM32\dinput8.dll
0x00007fffc10a0000 - 0x00007fffc10ae000 	C:\WINDOWS\SYSTEM32\xinput1_4.dll
0x00007fffca8e0000 - 0x00007fffca908000 	C:\WINDOWS\SYSTEM32\DEVOBJ.dll
0x00007fffc97c0000 - 0x00007fffc97e6000 	C:\WINDOWS\SYSTEM32\dwmapi.dll
0x00007fffa4990000 - 0x00007fffa49c7000 	C:\Program Files\Nahimic\NahimicMSI\UserInterface\x64\NahimicMSIDevProps.dll
0x00007fffccd70000 - 0x00007fffccea8000 	C:\WINDOWS\System32\ole32.dll
0x00007fffa49d0000 - 0x00007fffa4a1c000 	C:\Program Files\Nahimic\NahimicMSI\UserInterface\x64\NahimicMSIOSD.dll
0x00007fffcee70000 - 0x00007fffcef0f000 	C:\WINDOWS\System32\clbcatq.dll
0x00007fffc5f70000 - 0x00007fffc5fe1000 	C:\WINDOWS\System32\MMDevApi.dll
0x00007fffc93c0000 - 0x00007fffc9545000 	C:\WINDOWS\System32\PROPSYS.dll
0x00007fffcf620000 - 0x00007fffcf6df000 	C:\WINDOWS\System32\OLEAUT32.dll
0x00007fffccb20000 - 0x00007fffccbbc000 	C:\WINDOWS\System32\msvcp_win.dll
0x00007fffaff30000 - 0x00007fffaffc4000 	C:\WINDOWS\SYSTEM32\AUDIOSES.DLL
0x00007fffc8680000 - 0x00007fffc87b6000 	C:\WINDOWS\SYSTEM32\wintypes.dll
0x00007fffcab20000 - 0x00007fffcab2c000 	C:\WINDOWS\SYSTEM32\HID.DLL
0x00007fffccfe0000 - 0x00007fffcd409000 	C:\WINDOWS\System32\SETUPAPI.DLL
0x00007fffcc170000 - 0x00007fffcc1c5000 	C:\WINDOWS\System32\WINTRUST.dll
0x00007fffcbc40000 - 0x00007fffcbc50000 	C:\WINDOWS\System32\MSASN1.dll
0x00007fffcbfa0000 - 0x00007fffcc169000 	C:\WINDOWS\System32\CRYPT32.dll
0x000000003c2a0000 - 0x000000003c3fa000 	C:\WINDOWS\System32\MSCTF.dll
0x00007fffbb4a0000 - 0x00007fffbb5c3000 	C:\WINDOWS\SYSTEM32\opengl32.dll
0x00007fffbe040000 - 0x00007fffbe06d000 	C:\WINDOWS\SYSTEM32\GLU32.dll
0x00007fffbb3a0000 - 0x00007fffbb497000 	C:\WINDOWS\SYSTEM32\DDRAW.dll
0x00007fffc40b0000 - 0x00007fffc40b8000 	C:\WINDOWS\SYSTEM32\DCIMAN32.dll
0x0000000075eb0000 - 0x0000000078000000 	C:\WINDOWS\SYSTEM32\nvoglv64.DLL
0x00007fffc92b0000 - 0x00007fffc92c3000 	C:\WINDOWS\SYSTEM32\WTSAPI32.dll
0x00007fffcb040000 - 0x00007fffcb072000 	C:\WINDOWS\SYSTEM32\ntmarta.dll
0x00007fffcada0000 - 0x00007fffcadf6000 	C:\WINDOWS\SYSTEM32\WINSTA.dll
0x00007fffb7960000 - 0x00007fffb7aed000 	C:\WINDOWS\SYSTEM32\d3d9.dll
0x0000000180000000 - 0x00000001801a7000 	C:\WINDOWS\system32\nvspcap64.dll
0x00007fffc59e0000 - 0x00007fffc5aad000 	C:\WINDOWS\SYSTEM32\WINHTTP.dll
0x00007fffc5b40000 - 0x00007fffc5f3b000 	C:\WINDOWS\system32\nvapi64.dll
0x00007fffcabc0000 - 0x00007fffcac5f000 	C:\WINDOWS\SYSTEM32\dxgi.dll
0x00007fffcb940000 - 0x00007fffcb96c000 	C:\WINDOWS\SYSTEM32\SspiCli.dll
0x00007fffbb970000 - 0x00007fffbb9cf000 	C:\Users\Ethan\AppData\Local\Temp\lwjglEthan\3.1.1-build-16\lwjgl_opengl.dll
0x00007fffc2240000 - 0x00007fffc23d2000 	C:\WINDOWS\SYSTEM32\dbghelp.dll

VM Arguments:
jvm_args: -Dfile.encoding=Cp1252 
java_command: pe.engine.threading.MasterThread
java_class_path (initial): C:\Users\Ethan\Documents\GitHub\ProceduralEngine\target\classes;C:\Users\Ethan\.m2\repository\org\lwjgl\lwjgl\3.1.1\lwjgl-3.1.1.jar;C:\Users\Ethan\.m2\repository\org\lwjgl\lwjgl-assimp\3.1.1\lwjgl-assimp-3.1.1.jar;C:\Users\Ethan\.m2\repository\org\lwjgl\lwjgl-bgfx\3.1.1\lwjgl-bgfx-3.1.1.jar;C:\Users\Ethan\.m2\repository\org\lwjgl\lwjgl-egl\3.1.1\lwjgl-egl-3.1.1.jar;C:\Users\Ethan\.m2\repository\org\lwjgl\lwjgl-glfw\3.1.1\lwjgl-glfw-3.1.1.jar;C:\Users\Ethan\.m2\repository\org\lwjgl\lwjgl-jawt\3.1.1\lwjgl-jawt-3.1.1.jar;C:\Users\Ethan\.m2\repository\org\lwjgl\lwjgl-jemalloc\3.1.1\lwjgl-jemalloc-3.1.1.jar;C:\Users\Ethan\.m2\repository\org\lwjgl\lwjgl-lmdb\3.1.1\lwjgl-lmdb-3.1.1.jar;C:\Users\Ethan\.m2\repository\org\lwjgl\lwjgl-nanovg\3.1.1\lwjgl-nanovg-3.1.1.jar;C:\Users\Ethan\.m2\repository\org\lwjgl\lwjgl-nfd\3.1.1\lwjgl-nfd-3.1.1.jar;C:\Users\Ethan\.m2\repository\org\lwjgl\lwjgl-nuklear\3.1.1\lwjgl-nuklear-3.1.1.jar;C:\Users\Ethan\.m2\repository\org\lwjgl\lwjgl-openal\3.1.1\lwjgl-openal-3.1.1.jar;C:\Users\Ethan\.m2\repository\org\lwjgl\lwjgl-opencl\3.1.1\lwjgl-opencl-3.1.1.jar;C:\Users\Ethan\.m2\repository\org\lwjgl\lwjgl-opengl\3.1.1\lwjgl-opengl-3.1.1.jar;C:\Users\Ethan\.m2\repository\org\lwjgl\lwjgl-opengles\3.1.1\lwjgl-opengles-3.1.1.jar;C:\Users\Ethan\.m2\repository\org\lwjgl\lwjgl-ovr\3.1.1\lwjgl-ovr-3.1.1.jar;C:\Users\Ethan\.m2\repository\org\lwjgl\lwjgl-par\3.1.1\lwjgl-par-3.1.1.jar;C:\Users\Ethan\.m2\repository\org\lwjgl\lwjgl-sse\3.1.1\lwjgl-sse-3.1.1.jar;C:\Users\Ethan\.m2\repository\org\lwjgl\lwjgl-stb\3.1.1\lwjgl-stb-3.1.1.jar;C:\Users\Ethan\.m2\repository\org\lwjgl\lwjgl-tinyfd\3.1.1\lwjgl-tinyfd-3.1.1.jar;C:\Users\Ethan\.m2\repository\org\lwjgl\lwjgl-vulkan\3.1.1\lwjgl-vulkan-3.1.1.jar;C:\Users\Ethan\.m2\repository\org\lwjgl\lwjgl-xxhash\3.1.1\lwjgl-xxhash-3.1.1.jar;C:\Users\Ethan\.m2\repository\org\lwjgl\lwjgl\3.1.1\lwjgl-3.1.1-natives-windows.jar;C:\Users\Ethan\.m2\repository\org\lwjgl\lwjgl-assimp\3.1.1\lwjgl-assimp-3.1
Launcher Type: SUN_STANDARD

Environment Variables:
PATH=C:/Program Files/Java/jre1.8.0_121/bin/server;C:/Program Files/Java/jre1.8.0_121/bin;C:/Program Files/Java/jre1.8.0_121/lib/amd64;C:\ProgramData\Oracle\Java\javapath;C:\Program Files (x86)\Intel\iCLS Client\;C:\Program Files\Intel\iCLS Client\;C:\Windows\system32;C:\Windows;C:\Windows\System32\Wbem;C:\Windows\System32\WindowsPowerShell\v1.0\;C:\Program Files (x86)\NVIDIA Corporation\PhysX\Common;C:\Program Files (x86)\Intel\Intel(R) Management Engine Components\DAL;C:\Program Files\Intel\Intel(R) Management Engine Components\DAL;C:\Program Files (x86)\Intel\Intel(R) Management Engine Components\IPT;C:\Program Files\Intel\Intel(R) Management Engine Components\IPT;C:\WINDOWS\system32;C:\WINDOWS;C:\WINDOWS\System32\Wbem;C:\WINDOWS\System32\WindowsPowerShell\v1.0\;C:\Program Files\MiKTeX 2.9\miktex\bin\x64\;C:\Program Files\PuTTY\;C:\Users\Ethan\AppData\Local\Microsoft\WindowsApps;;C:\eclipse\eclipse;
USERNAME=Ethan
OS=Windows_NT
PROCESSOR_IDENTIFIER=Intel64 Family 6 Model 94 Stepping 3, GenuineIntel



---------------  S Y S T E M  ---------------

OS: Windows 10.0 , 64 bit Build 14393 (10.0.14393.1198)

CPU:total 8 (4 cores per cpu, 2 threads per core) family 6 model 94 stepping 3, cmov, cx8, fxsr, mmx, sse, sse2, sse3, ssse3, sse4.1, sse4.2, popcnt, avx, avx2, aes, clmul, erms, rtm, 3dnowpref, lzcnt, ht, tsc, tscinvbit, bmi1, bmi2, adx

Memory: 4k page, physical 67067596k(57643952k free), swap 77029068k(64745776k free)

vm_info: Java HotSpot(TM) 64-Bit Server VM (25.121-b13) for windows-amd64 JRE (1.8.0_121-b13), built on Dec 12 2016 18:21:36 by "java_re" with MS VC++ 10.0 (VS2010)

time: Tue May 16 22:48:48 2017
elapsed time: 1 seconds (0d 0h 0m 1s)

